running egg_info
creating ../../build/tomato_detection/tomato_detection.egg-info
writing ../../build/tomato_detection/tomato_detection.egg-info/PKG-INFO
writing dependency_links to ../../build/tomato_detection/tomato_detection.egg-info/dependency_links.txt
writing entry points to ../../build/tomato_detection/tomato_detection.egg-info/entry_points.txt
writing requirements to ../../build/tomato_detection/tomato_detection.egg-info/requires.txt
writing top-level names to ../../build/tomato_detection/tomato_detection.egg-info/top_level.txt
writing manifest file '../../build/tomato_detection/tomato_detection.egg-info/SOURCES.txt'
reading manifest file '../../build/tomato_detection/tomato_detection.egg-info/SOURCES.txt'
writing manifest file '../../build/tomato_detection/tomato_detection.egg-info/SOURCES.txt'
running build
running build_py
creating /home/shj/ros2_ws/build/tomato_detection/build
creating /home/shj/ros2_ws/build/tomato_detection/build/lib
creating /home/shj/ros2_ws/build/tomato_detection/build/lib/tomato_detection
copying tomato_detection/__init__.py -> /home/shj/ros2_ws/build/tomato_detection/build/lib/tomato_detection
running install
running install_lib
creating /home/shj/ros2_ws/install/tomato_detection/lib/python3.8/site-packages/tomato_detection
copying /home/shj/ros2_ws/build/tomato_detection/build/lib/tomato_detection/__init__.py -> /home/shj/ros2_ws/install/tomato_detection/lib/python3.8/site-packages/tomato_detection
byte-compiling /home/shj/ros2_ws/install/tomato_detection/lib/python3.8/site-packages/tomato_detection/__init__.py to __init__.cpython-38.pyc
running install_data
creating /home/shj/ros2_ws/install/tomato_detection/share/ament_index
creating /home/shj/ros2_ws/install/tomato_detection/share/ament_index/resource_index
creating /home/shj/ros2_ws/install/tomato_detection/share/ament_index/resource_index/packages
copying resource/tomato_detection -> /home/shj/ros2_ws/install/tomato_detection/share/ament_index/resource_index/packages
copying package.xml -> /home/shj/ros2_ws/install/tomato_detection/share/tomato_detection
running install_egg_info
Copying ../../build/tomato_detection/tomato_detection.egg-info to /home/shj/ros2_ws/install/tomato_detection/lib/python3.8/site-packages/tomato_detection-0.0.0-py3.8.egg-info
running install_scripts
Installing tomato_node script to /home/shj/ros2_ws/install/tomato_detection/lib/tomato_detection
writing list of installed files to '/home/shj/ros2_ws/build/tomato_detection/install.log'
